Determining if the pthread_create exist failed with the following output:
Change Dir: /home/ubuntu/nvidia-tx1/opencv_stuff/test-working/build/CMakeFiles/CMakeTmp

Run Build Command:"/usr/bin/make" "cmTC_56035/fast"
/usr/bin/make -f CMakeFiles/cmTC_56035.dir/build.make CMakeFiles/cmTC_56035.dir/build
make[1]: Entering directory '/home/ubuntu/nvidia-tx1/opencv_stuff/test-working/build/CMakeFiles/CMakeTmp'
Building C object CMakeFiles/cmTC_56035.dir/CheckSymbolExists.c.o
/usr/bin/cc    -fPIC    -o CMakeFiles/cmTC_56035.dir/CheckSymbolExists.c.o   -c /home/ubuntu/nvidia-tx1/opencv_stuff/test-working/build/CMakeFiles/CMakeTmp/CheckSymbolExists.c
Linking C executable cmTC_56035
/usr/bin/cmake -E cmake_link_script CMakeFiles/cmTC_56035.dir/link.txt --verbose=1
/usr/bin/cc  -fPIC     CMakeFiles/cmTC_56035.dir/CheckSymbolExists.c.o  -o cmTC_56035 -rdynamic 
CMakeFiles/cmTC_56035.dir/CheckSymbolExists.c.o: In function `main':
CheckSymbolExists.c:(.text+0x14): undefined reference to `pthread_create'
CheckSymbolExists.c:(.text+0x18): undefined reference to `pthread_create'
collect2: error: ld returned 1 exit status
CMakeFiles/cmTC_56035.dir/build.make:97: recipe for target 'cmTC_56035' failed
make[1]: *** [cmTC_56035] Error 1
make[1]: Leaving directory '/home/ubuntu/nvidia-tx1/opencv_stuff/test-working/build/CMakeFiles/CMakeTmp'
Makefile:126: recipe for target 'cmTC_56035/fast' failed
make: *** [cmTC_56035/fast] Error 2

File /home/ubuntu/nvidia-tx1/opencv_stuff/test-working/build/CMakeFiles/CMakeTmp/CheckSymbolExists.c:
/* */
#include <pthread.h>

int main(int argc, char** argv)
{
  (void)argv;
#ifndef pthread_create
  return ((int*)(&pthread_create))[argc];
#else
  (void)argc;
  return 0;
#endif
}

Determining if the function pthread_create exists in the pthreads failed with the following output:
Change Dir: /home/ubuntu/nvidia-tx1/opencv_stuff/test-working/build/CMakeFiles/CMakeTmp

Run Build Command:"/usr/bin/make" "cmTC_f6053/fast"
/usr/bin/make -f CMakeFiles/cmTC_f6053.dir/build.make CMakeFiles/cmTC_f6053.dir/build
make[1]: Entering directory '/home/ubuntu/nvidia-tx1/opencv_stuff/test-working/build/CMakeFiles/CMakeTmp'
Building C object CMakeFiles/cmTC_f6053.dir/CheckFunctionExists.c.o
/usr/bin/cc    -fPIC -DCHECK_FUNCTION_EXISTS=pthread_create   -o CMakeFiles/cmTC_f6053.dir/CheckFunctionExists.c.o   -c /usr/share/cmake-3.5/Modules/CheckFunctionExists.c
Linking C executable cmTC_f6053
/usr/bin/cmake -E cmake_link_script CMakeFiles/cmTC_f6053.dir/link.txt --verbose=1
/usr/bin/cc  -fPIC -DCHECK_FUNCTION_EXISTS=pthread_create    CMakeFiles/cmTC_f6053.dir/CheckFunctionExists.c.o  -o cmTC_f6053 -rdynamic -lpthreads 
/usr/bin/ld: cannot find -lpthreads
collect2: error: ld returned 1 exit status
CMakeFiles/cmTC_f6053.dir/build.make:97: recipe for target 'cmTC_f6053' failed
make[1]: *** [cmTC_f6053] Error 1
make[1]: Leaving directory '/home/ubuntu/nvidia-tx1/opencv_stuff/test-working/build/CMakeFiles/CMakeTmp'
Makefile:126: recipe for target 'cmTC_f6053/fast' failed
make: *** [cmTC_f6053/fast] Error 2


